# JRE version: Java(TM) SE Runtime Environment (8.0_231-b11) (build 1.8.0_231-b11)
# Java VM: Java HotSpot(TM) 64-Bit Server VM (25.231-b11 mixed mode windows-amd64 compressed oops)
Heap:
 PSYoungGen      total 328704K, used 133297K [0x00000000eab00000, 0x0000000100000000, 0x0000000100000000)
  eden space 309760K, 43% used [0x00000000eab00000,0x00000000f2d2c6b8,0x00000000fd980000)
  from space 18944K, 0% used [0x00000000fd980000,0x00000000fd980000,0x00000000fec00000)
  to   space 20480K, 0% used [0x00000000fec00000,0x00000000fec00000,0x0000000100000000)
 ParOldGen       total 76800K, used 60901K [0x00000000c0000000, 0x00000000c4b00000, 0x00000000eab00000)
  object space 76800K, 79% used [0x00000000c0000000,0x00000000c3b79438,0x00000000c4b00000)
 Metaspace       used 31247K, capacity 32286K, committed 33152K, reserved 1079296K
  class space    used 3451K, capacity 3737K, committed 3968K, reserved 1048576K
GC Heap History (10 events):
Event: 15.877 GC heap before
{Heap before GC invocations=12 (full 1):
 PSYoungGen      total 310272K, used 295304K [0x00000000eab00000, 0x0000000100000000, 0x0000000100000000)
  eden space 290816K, 100% used [0x00000000eab00000,0x00000000fc700000,0x00000000fc700000)
  from space 19456K, 23% used [0x00000000fda80000,0x00000000fdee2318,0x00000000fed80000)
  to   space 19968K, 0% used [0x00000000fc700000,0x00000000fc700000,0x00000000fda80000)
 ParOldGen       total 76800K, used 40338K [0x00000000c0000000, 0x00000000c4b00000, 0x00000000eab00000)
  object space 76800K, 52% used [0x00000000c0000000,0x00000000c27648a0,0x00000000c4b00000)
 Metaspace       used 25225K, capacity 25894K, committed 26112K, reserved 1073152K
  class space    used 2867K, capacity 3054K, committed 3072K, reserved 1048576K
Event: 15.894 GC heap after
Heap after GC invocations=12 (full 1):
 PSYoungGen      total 310784K, used 8271K [0x00000000eab00000, 0x00000000ffe80000, 0x0000000100000000)
  eden space 290816K, 0% used [0x00000000eab00000,0x00000000eab00000,0x00000000fc700000)
  from space 19968K, 41% used [0x00000000fc700000,0x00000000fcf13ec8,0x00000000fda80000)
  to   space 18944K, 0% used [0x00000000fec00000,0x00000000fec00000,0x00000000ffe80000)
 ParOldGen       total 76800K, used 43504K [0x00000000c0000000, 0x00000000c4b00000, 0x00000000eab00000)
  object space 76800K, 56% used [0x00000000c0000000,0x00000000c2a7c070,0x00000000c4b00000)
 Metaspace       used 25225K, capacity 25894K, committed 26112K, reserved 1073152K
  class space    used 2867K, capacity 3054K, committed 3072K, reserved 1048576K
}
Event: 16.829 GC heap before
{Heap before GC invocations=13 (full 1):
 PSYoungGen      total 310784K, used 299087K [0x00000000eab00000, 0x00000000ffe80000, 0x0000000100000000)
  eden space 290816K, 100% used [0x00000000eab00000,0x00000000fc700000,0x00000000fc700000)
  from space 19968K, 41% used [0x00000000fc700000,0x00000000fcf13ec8,0x00000000fda80000)
  to   space 18944K, 0% used [0x00000000fec00000,0x00000000fec00000,0x00000000ffe80000)
 ParOldGen       total 76800K, used 43504K [0x00000000c0000000, 0x00000000c4b00000, 0x00000000eab00000)
  object space 76800K, 56% used [0x00000000c0000000,0x00000000c2a7c070,0x00000000c4b00000)
 Metaspace       used 25941K, capacity 26758K, committed 27008K, reserved 1073152K
  class space    used 2930K, capacity 3118K, committed 3200K, reserved 1048576K
Event: 16.854 GC heap after
Heap after GC invocations=13 (full 1):
 PSYoungGen      total 328704K, used 6433K [0x00000000eab00000, 0x00000000fff00000, 0x0000000100000000)
  eden space 309760K, 0% used [0x00000000eab00000,0x00000000eab00000,0x00000000fd980000)
  from space 18944K, 33% used [0x00000000fec00000,0x00000000ff2485f8,0x00000000ffe80000)
  to   space 18944K, 0% used [0x00000000fd980000,0x00000000fd980000,0x00000000fec00000)
 ParOldGen       total 76800K, used 50375K [0x00000000c0000000, 0x00000000c4b00000, 0x00000000eab00000)
  object space 76800K, 65% used [0x00000000c0000000,0x00000000c3131ee8,0x00000000c4b00000)
 Metaspace       used 25941K, capacity 26758K, committed 27008K, reserved 1073152K
  class space    used 2930K, capacity 3118K, committed 3200K, reserved 1048576K
}
Event: 18.657 GC heap before
{Heap before GC invocations=14 (full 1):
 PSYoungGen      total 328704K, used 316193K [0x00000000eab00000, 0x00000000fff00000, 0x0000000100000000)
  eden space 309760K, 100% used [0x00000000eab00000,0x00000000fd980000,0x00000000fd980000)
  from space 18944K, 33% used [0x00000000fec00000,0x00000000ff2485f8,0x00000000ffe80000)
  to   space 18944K, 0% used [0x00000000fd980000,0x00000000fd980000,0x00000000fec00000)
 ParOldGen       total 76800K, used 50375K [0x00000000c0000000, 0x00000000c4b00000, 0x00000000eab00000)
  object space 76800K, 65% used [0x00000000c0000000,0x00000000c3131ee8,0x00000000c4b00000)
 Metaspace       used 26202K, capacity 27016K, committed 27264K, reserved 1073152K
  class space    used 2934K, capacity 3120K, committed 3200K, reserved 1048576K
Event: 18.707 GC heap after
Heap after GC invocations=14 (full 1):
 PSYoungGen      total 328704K, used 18921K [0x00000000eab00000, 0x0000000100000000, 0x0000000100000000)
  eden space 309760K, 0% used [0x00000000eab00000,0x00000000eab00000,0x00000000fd980000)
  from space 18944K, 99% used [0x00000000fd980000,0x00000000febfa550,0x00000000fec00000)
  to   space 20480K, 0% used [0x00000000fec00000,0x00000000fec00000,0x0000000100000000)
 ParOldGen       total 76800K, used 69961K [0x00000000c0000000, 0x00000000c4b00000, 0x00000000eab00000)
  object space 76800K, 91% used [0x00000000c0000000,0x00000000c44525c0,0x00000000c4b00000)
 Metaspace       used 26202K, capacity 27016K, committed 27264K, reserved 1073152K
  class space    used 2934K, capacity 3120K, committed 3200K, reserved 1048576K
}
Event: 18.707 GC heap before
{Heap before GC invocations=15 (full 2):
 PSYoungGen      total 328704K, used 18921K [0x00000000eab00000, 0x0000000100000000, 0x0000000100000000)
  eden space 309760K, 0% used [0x00000000eab00000,0x00000000eab00000,0x00000000fd980000)
  from space 18944K, 99% used [0x00000000fd980000,0x00000000febfa550,0x00000000fec00000)
  to   space 20480K, 0% used [0x00000000fec00000,0x00000000fec00000,0x0000000100000000)
 ParOldGen       total 76800K, used 69961K [0x00000000c0000000, 0x00000000c4b00000, 0x00000000eab00000)
  object space 76800K, 91% used [0x00000000c0000000,0x00000000c44525c0,0x00000000c4b00000)
 Metaspace       used 26202K, capacity 27016K, committed 27264K, reserved 1073152K
  class space    used 2934K, capacity 3120K, committed 3200K, reserved 1048576K
Event: 19.214 GC heap after
Heap after GC invocations=15 (full 2):
 PSYoungGen      total 328704K, used 3469K [0x00000000eab00000, 0x0000000100000000, 0x0000000100000000)
  eden space 309760K, 0% used [0x00000000eab00000,0x00000000eab00000,0x00000000fd980000)
  from space 18944K, 18% used [0x00000000fd980000,0x00000000fdce3540,0x00000000fec00000)
  to   space 20480K, 0% used [0x00000000fec00000,0x00000000fec00000,0x0000000100000000)
 ParOldGen       total 76800K, used 76511K [0x00000000c0000000, 0x00000000c4b00000, 0x00000000eab00000)
  object space 76800K, 99% used [0x00000000c0000000,0x00000000c4ab7fe8,0x00000000c4b00000)
 Metaspace       used 26202K, capacity 27016K, committed 27264K, reserved 1073152K
  class space    used 2934K, capacity 3120K, committed 3200K, reserved 1048576K
}
Event: 24.655 GC heap before
{Heap before GC invocations=16 (full 3):
 PSYoungGen      total 328704K, used 313229K [0x00000000eab00000, 0x0000000100000000, 0x0000000100000000)
  eden space 309760K, 100% used [0x00000000eab00000,0x00000000fd980000,0x00000000fd980000)
  from space 18944K, 18% used [0x00000000fd980000,0x00000000fdce3540,0x00000000fec00000)
  to   space 20480K, 0% used [0x00000000fec00000,0x00000000fec00000,0x0000000100000000)
 ParOldGen       total 76800K, used 76511K [0x00000000c0000000, 0x00000000c4b00000, 0x00000000eab00000)
  object space 76800K, 99% used [0x00000000c0000000,0x00000000c4ab7fe8,0x00000000c4b00000)
 Metaspace       used 31563K, capacity 32628K, committed 32768K, reserved 1079296K
  class space    used 3522K, capacity 3830K, committed 3840K, reserved 1048576K
Event: 24.963 GC heap after
Heap after GC invocations=16 (full 3):
 PSYoungGen      total 328704K, used 0K [0x00000000eab00000, 0x0000000100000000, 0x0000000100000000)
  eden space 309760K, 0% used [0x00000000eab00000,0x00000000eab00000,0x00000000fd980000)
  from space 18944K, 0% used [0x00000000fd980000,0x00000000fd980000,0x00000000fec00000)
  to   space 20480K, 0% used [0x00000000fec00000,0x00000000fec00000,0x0000000100000000)
 ParOldGen       total 76800K, used 60901K [0x00000000c0000000, 0x00000000c4b00000, 0x00000000eab00000)
  object space 76800K, 79% used [0x00000000c0000000,0x00000000c3b79438,0x00000000c4b00000)
 Metaspace       used 28648K, capacity 29540K, committed 32768K, reserved 1079296K
  class space    used 3175K, capacity 3444K, committed 3840K, reserved 1048576K
}

